[debug] [2019-10-20T23:37:27.754Z] ----------------------------------------------------------------------
[debug] [2019-10-20T23:37:27.756Z] Command:       /Users/eunjeongyoo/.nvm/versions/node/v10.16.3/bin/node /Users/eunjeongyoo/.nvm/versions/node/v10.16.3/bin/firebase serve
[debug] [2019-10-20T23:37:27.756Z] CLI Version:   7.6.1
[debug] [2019-10-20T23:37:27.757Z] Platform:      darwin
[debug] [2019-10-20T23:37:27.757Z] Node Version:  v10.16.3
[debug] [2019-10-20T23:37:27.757Z] Time:          Mon Oct 21 2019 08:37:27 GMT+0900 (GMT+09:00)
[debug] [2019-10-20T23:37:27.758Z] ----------------------------------------------------------------------
[debug] [2019-10-20T23:37:27.758Z] 
[debug] [2019-10-20T23:37:27.764Z] > command requires scopes: ["email","openid","https://www.googleapis.com/auth/cloudplatformprojects.readonly","https://www.googleapis.com/auth/firebase","https://www.googleapis.com/auth/cloud-platform"]
[debug] [2019-10-20T23:37:27.765Z] > authorizing via signed-in user
[debug] [2019-10-20T23:37:27.765Z] [iam] checking project forestellaschedule for permissions ["firebase.projects.get"]
[debug] [2019-10-20T23:37:27.767Z] >>> HTTP REQUEST POST https://cloudresourcemanager.googleapis.com/v1/projects/forestellaschedule:testIamPermissions  

[debug] [2019-10-20T23:37:28.653Z] <<< HTTP RESPONSE 200
[debug] [2019-10-20T23:37:28.655Z] >>> HTTP REQUEST GET https://firebase.googleapis.com/v1beta1/projects/forestellaschedule  
 
[debug] [2019-10-20T23:37:29.581Z] <<< HTTP RESPONSE 200
[info] 
[info] === Serving from '/Users/eunjeongyoo/Desktop/solo_project/calendar_schedule'...
[info] 
[debug] [2019-10-20T23:37:29.586Z] >>> HTTP REQUEST GET https://firebase.googleapis.com/v1beta1/projects/forestellaschedule/webApps/-/config  
 
[debug] [2019-10-20T23:37:30.708Z] <<< HTTP RESPONSE 200
[info] i  hosting: Serving hosting files from: public
[info] ✔  hosting: Local server: http://localhost:5000
